<?xml version="1.0" encoding="UTF-8" ?>
<testsuite failures="0" time="0.086" errors="0" skipped="0" tests="5" name="com.dagitab.util.DateConverterTest">
  <properties>
[...]
</properties>
  <testcase time="0.079" classname="com.dagitab.util.DateConverterTest" name="testInternationalization"/>
  <testcase time="0" classname="com.dagitab.util.DateConverterTest" name="testConvertStringToDate"/>
  <testcase time="0.001" classname="com.dagitab.util.DateConverterTest" name="testConvertDateToString"/>
  <testcase time="0.001" classname="com.dagitab.util.DateConverterTest" name="testConvertStringToTimestamp"/>
  <testcase time="0.001" classname="com.dagitab.util.DateConverterTest" name="testConvertTimestampToString"/>
</testsuite>